This is pdfTeX, Version 3.14159265-2.6-1.40.18 (TeX Live 2017/Debian) (preloaded format=latex 2018.10.15)  13 NOV 2018 21:10
entering extended mode
 restricted \write18 enabled.
 %&-line parsing enabled.
**\nonstopmode\input publications.tex
(./publications.tex (/usr/share/texlive/texmf-dist/tex/latex/base/article.cls
Document Class: article 2014/09/29 v1.4h Standard LaTeX document class
(/usr/share/texlive/texmf-dist/tex/latex/base/size12.clo
File: size12.clo 2014/09/29 v1.4h Standard LaTeX file (size option)
)
\c@part=\count79
\c@section=\count80
\c@subsection=\count81
\c@subsubsection=\count82
\c@paragraph=\count83
\c@subparagraph=\count84
\c@figure=\count85
\c@table=\count86
\abovecaptionskip=\skip41
\belowcaptionskip=\skip42
\bibindent=\dimen102
)
(/usr/share/texlive/texmf-dist/tex/latex/psnfss/times.sty
Package: times 2005/04/12 PSNFSS-v9.2a (SPQR) 
)
(/usr/share/texlive/texmf-dist/tex/latex/natbib/natbib.sty
Package: natbib 2010/09/13 8.31b (PWD, AO)
\bibhang=\skip43
\bibsep=\skip44
LaTeX Info: Redefining \cite on input line 694.
\c@NAT@ctr=\count87
) (./publications.aux

! Package natbib Error: Bibliography not compatible with author-year citations.

(natbib)                Press <return> to continue in numerical citation style.


See the natbib package documentation for explanation.
Type  H <return>  for immediate help.
 ...                                              
                                                  
l.90 ...mand\NAT@force@numbers{}\NAT@force@numbers
                                                  
Check the bibliography entries for non-compliant syntax,
or select author-year BibTeX style, e.g. plainnat

)
\openout1 = `publications.aux'.

LaTeX Font Info:    Checking defaults for OML/cmm/m/it on input line 16.
LaTeX Font Info:    ... okay on input line 16.
LaTeX Font Info:    Checking defaults for T1/cmr/m/n on input line 16.
LaTeX Font Info:    ... okay on input line 16.
LaTeX Font Info:    Checking defaults for OT1/cmr/m/n on input line 16.
LaTeX Font Info:    ... okay on input line 16.
LaTeX Font Info:    Checking defaults for OMS/cmsy/m/n on input line 16.
LaTeX Font Info:    ... okay on input line 16.
LaTeX Font Info:    Checking defaults for OMX/cmex/m/n on input line 16.
LaTeX Font Info:    ... okay on input line 16.
LaTeX Font Info:    Checking defaults for U/cmr/m/n on input line 16.
LaTeX Font Info:    ... okay on input line 16.
LaTeX Font Info:    Try loading font information for OT1+ptm on input line 16.
 (/usr/share/texlive/texmf-dist/tex/latex/psnfss/ot1ptm.fd
File: ot1ptm.fd 2001/06/04 font definitions for OT1/ptm.
)
Overfull \hbox (393.11331pt too wide) in paragraph at lines 17--29
[]\OT1/ptm/m/n/12 ([]) ([]) ([]) ([]) ([]) ([]) ([]) ([]) ([]) ([]) ([]) ([])([
])([])([])([])([])([])([])([])([])([])([])([])([])([])([])([])([])([])([])([])(
[])([])([])([])([])([])([])([])([])([])([]) 
 []

(./publications.bbl
LaTeX Font Info:    Font shape `OT1/ptm/bx/n' in size <17.28> not available
(Font)              Font shape `OT1/ptm/b/n' tried instead on input line 1.
LaTeX Font Info:    Try loading font information for OT1+pcr on input line 19.
 (/usr/share/texlive/texmf-dist/tex/latex/psnfss/ot1pcr.fd
File: ot1pcr.fd 2001/06/04 font definitions for OT1/pcr.
)
[1

] [2] [3]
Underfull \hbox (badness 1231) in paragraph at lines 238--241
[]\OT1/ptm/m/n/12 Lopez-Urrutia A, Har-ris RP, Smith T (2004) Pre-da-tion by ca
lanoid cope-pods on
 []


Underfull \hbox (badness 5985) in paragraph at lines 265--269
[]\OT1/ptm/m/n/12 Lopez-Urrutia A, Acuna JL (1999) Gut through-put dy-nam-ics i
n the ap-pen-
 []


Underfull \hbox (badness 6396) in paragraph at lines 265--269
\OT1/ptm/m/n/12 dic-u-lar-ian \OT1/ptm/m/it/12 Oiko-pleura dioica\OT1/ptm/m/n/1
2 .  Ma-rine Ecology-Progress Se-ries 191:195--205,
 []

) [4] (./publications.aux) ) 
Here is how much of TeX's memory you used:
 758 strings out of 492983
 10099 string characters out of 6134921
 63303 words of memory out of 5000000
 4389 multiletter control sequences out of 15000+600000
 6235 words of font info for 20 fonts, out of 8000000 for 9000
 1141 hyphenation exceptions out of 8191
 22i,4n,20p,679b,345s stack positions out of 5000i,500n,10000p,200000b,80000s

Output written on publications.dvi (4 pages, 13724 bytes).
